d:\study\files\2024-2025-1\directx11\homeworks\编程作业1-你的名字-1120231313\编程作业1-你的名字-1120231313\编程作业1-你的.79f80499\x64\debug\vc143.pdb
d:\study\files\2024-2025-1\directx11\homeworks\编程作业1-你的名字-1120231313\编程作业1-你的名字-1120231313\编程作业1-你的.79f80499\x64\debug\vc143.idb
d:\study\files\2024-2025-1\directx11\homeworks\编程作业1-你的名字-1120231313\编程作业1-你的名字-1120231313\编程作业1-你的.79f80499\x64\debug\main.obj
d:\study\files\2024-2025-1\directx11\homeworks\编程作业1-你的名字-1120231313\编程作业1-你的名字-1120231313\编程作业1-你的.79f80499\x64\debug\gametimer.obj
d:\study\files\2024-2025-1\directx11\homeworks\编程作业1-你的名字-1120231313\编程作业1-你的名字-1120231313\编程作业1-你的.79f80499\x64\debug\gameapp.obj
d:\study\files\2024-2025-1\directx11\homeworks\编程作业1-你的名字-1120231313\编程作业1-你的名字-1120231313\编程作业1-你的.79f80499\x64\debug\dxtrace.obj
d:\study\files\2024-2025-1\directx11\homeworks\编程作业1-你的名字-1120231313\编程作业1-你的名字-1120231313\编程作业1-你的.79f80499\x64\debug\d3dutil.obj
d:\study\files\2024-2025-1\directx11\homeworks\编程作业1-你的名字-1120231313\编程作业1-你的名字-1120231313\编程作业1-你的.79f80499\x64\debug\d3dapp.obj
d:\study\files\2024-2025-1\directx11\homeworks\编程作业1-你的名字-1120231313\编程作业1-你的名字-1120231313\x64\debug\编程作业1-你的名字-1120231313.exe
d:\study\files\2024-2025-1\directx11\homeworks\编程作业1-你的名字-1120231313\编程作业1-你的名字-1120231313\x64\debug\编程作业1-你的名字-1120231313.pdb
d:\study\files\2024-2025-1\directx11\homeworks\编程作业1-你的名字-1120231313\编程作业1-你的名字-1120231313\编程作业1-你的.79f80499\x64\debug\编程作业1-你的名字-1120231313.ilk
d:\study\files\2024-2025-1\directx11\homeworks\编程作业1-你的名字-1120231313\编程作业1-你的名字-1120231313\编程作业1-你的.79f80499\x64\debug\编程作业1-你的.79f80499.tlog\cl.command.1.tlog
d:\study\files\2024-2025-1\directx11\homeworks\编程作业1-你的名字-1120231313\编程作业1-你的名字-1120231313\编程作业1-你的.79f80499\x64\debug\编程作业1-你的.79f80499.tlog\cl.items.tlog
d:\study\files\2024-2025-1\directx11\homeworks\编程作业1-你的名字-1120231313\编程作业1-你的名字-1120231313\编程作业1-你的.79f80499\x64\debug\编程作业1-你的.79f80499.tlog\cl.read.1.tlog
d:\study\files\2024-2025-1\directx11\homeworks\编程作业1-你的名字-1120231313\编程作业1-你的名字-1120231313\编程作业1-你的.79f80499\x64\debug\编程作业1-你的.79f80499.tlog\cl.write.1.tlog
d:\study\files\2024-2025-1\directx11\homeworks\编程作业1-你的名字-1120231313\编程作业1-你的名字-1120231313\编程作业1-你的.79f80499\x64\debug\编程作业1-你的.79f80499.tlog\fxc.command.1.tlog
d:\study\files\2024-2025-1\directx11\homeworks\编程作业1-你的名字-1120231313\编程作业1-你的名字-1120231313\编程作业1-你的.79f80499\x64\debug\编程作业1-你的.79f80499.tlog\fxc.read.1.tlog
d:\study\files\2024-2025-1\directx11\homeworks\编程作业1-你的名字-1120231313\编程作业1-你的名字-1120231313\编程作业1-你的.79f80499\x64\debug\编程作业1-你的.79f80499.tlog\link.34900.read.1.tlog
d:\study\files\2024-2025-1\directx11\homeworks\编程作业1-你的名字-1120231313\编程作业1-你的名字-1120231313\编程作业1-你的.79f80499\x64\debug\编程作业1-你的.79f80499.tlog\link.34900.read.2.tlog
d:\study\files\2024-2025-1\directx11\homeworks\编程作业1-你的名字-1120231313\编程作业1-你的名字-1120231313\编程作业1-你的.79f80499\x64\debug\编程作业1-你的.79f80499.tlog\link.34900.write.1.tlog
d:\study\files\2024-2025-1\directx11\homeworks\编程作业1-你的名字-1120231313\编程作业1-你的名字-1120231313\编程作业1-你的.79f80499\x64\debug\编程作业1-你的.79f80499.tlog\link.command.1.tlog
d:\study\files\2024-2025-1\directx11\homeworks\编程作业1-你的名字-1120231313\编程作业1-你的名字-1120231313\编程作业1-你的.79f80499\x64\debug\编程作业1-你的.79f80499.tlog\link.read.1.tlog
d:\study\files\2024-2025-1\directx11\homeworks\编程作业1-你的名字-1120231313\编程作业1-你的名字-1120231313\编程作业1-你的.79f80499\x64\debug\编程作业1-你的.79f80499.tlog\link.read.2.tlog
d:\study\files\2024-2025-1\directx11\homeworks\编程作业1-你的名字-1120231313\编程作业1-你的名字-1120231313\编程作业1-你的.79f80499\x64\debug\编程作业1-你的.79f80499.tlog\link.secondary.1.tlog
d:\study\files\2024-2025-1\directx11\homeworks\编程作业1-你的名字-1120231313\编程作业1-你的名字-1120231313\编程作业1-你的.79f80499\x64\debug\编程作业1-你的.79f80499.tlog\link.write.1.tlog
